<?xml version="1.0" encoding="UTF-8"?>
<!-- Generated by org.testng.reporters.JUnitReportReporter -->
<testsuite hostname="CHNMCT279709L" failures="0" tests="5" name="com.testCases.dropDownTest" time="135.075" errors="0" timestamp="12 Aug 2020 12:59:34 GMT" skipped="0">
  <testcase classname="com.testCases.dropDownTest" name="dropDownElectronicsTest" time="18.517"/>
  <testcase classname="com.testCases.dropDownTest" name="dropDownWatchesTest" time="23.607"/>
  <testcase classname="com.testCases.dropDownTest" name="dropDownkindleStoreTest" time="33.968"/>
  <testcase classname="com.testCases.dropDownTest" name="dropDownDealsTest" time="33.234"/>
  <testcase classname="com.testCases.dropDownTest" name="dropDownApplianceTest" time="25.749"/>
</testsuite> <!-- com.testCases.dropDownTest -->
