<?xml version="1.0" encoding="UTF-8"?>
<!-- Generated by org.testng.reporters.JUnitReportReporter -->
<testsuite hostname="CHNMCT369326L" failures="0" tests="1" name="com.testCases.dropDownTest" time="15.537" errors="0" timestamp="10 Aug 2020 09:58:58 GMT" skipped="0">
  <testcase classname="com.testCases.dropDownTest" name="dropDownDealsTest" time="15.537"/>
</testsuite> <!-- com.testCases.dropDownTest -->
